<?xml version="1.0" encoding="UTF-8" ?>
<testsuite tests="4" failures="0" name="com.heinsberg.LearningManagerProjekt.BackGround.TimeClasses.StudyTest" time="0.035" errors="0" skipped="0">
  <properties>
[...]
</properties>
  <testcase classname="com.heinsberg.LearningManagerProjekt.BackGround.TimeClasses.StudyTest" name="com.heinsberg.LearningManagerProjekt.BackGround.TimeClasses.StudyTest.testStartLearningPhase" time="0.022"/>
  <testcase classname="com.heinsberg.LearningManagerProjekt.BackGround.TimeClasses.StudyTest" name="com.heinsberg.LearningManagerProjekt.BackGround.TimeClasses.StudyTest.testFinishLearningPhase" time="0"/>
  <testcase classname="com.heinsberg.LearningManagerProjekt.BackGround.TimeClasses.StudyTest" name="com.heinsberg.LearningManagerProjekt.BackGround.TimeClasses.StudyTest.testAddSemesterTest" time="0.012"/>
  <testcase classname="com.heinsberg.LearningManagerProjekt.BackGround.TimeClasses.StudyTest" name="com.heinsberg.LearningManagerProjekt.BackGround.TimeClasses.StudyTest.testAddSubjectTest" time="0.001"/>
</testsuite>